[2026-04-15T03:14:07.728Z] [debug] [vite] connecting...
[2026-04-15T03:14:07.762Z] [debug] [vite] connected.
[2026-04-15T03:14:07.847Z] [warning] THREE.THREE.Clock: This module has been deprecated. Please use THREE.Timer instead.
[2026-04-15T03:14:07.911Z] [warning] THREE.THREE.Clock: This module has been deprecated. Please use THREE.Timer instead.
[2026-04-15T03:14:07.913Z] [error] THREE.WebGLRenderer: A WebGL context could not be created. Reason:  Could not create a WebGL context, VENDOR = 0xffff, DEVICE = 0xffff, GL_VENDOR = Google Inc. (Google), GL_RENDERER = ANGLE (Google, Vulkan 1.3.0 (SwiftShader Device (LLVM 10.0.0) (0x0000C0DE)), SwiftShader driver-5.0.0), GL_VERSION = 5.0.0, Sandboxed = yes, Optimus = no, AMD switchable = no, Reset notification strategy = 0x8252, ErrorMessage = BindToCurrentSequence failed: .
[2026-04-15T03:14:07.913Z] [error] THREE.WebGLRenderer: A WebGL context could not be created. Reason:  Could not create a WebGL context, VENDOR = 0xffff, DEVICE = 0xffff, GL_VENDOR = Google Inc. (Google), GL_RENDERER = ANGLE (Google, Vulkan 1.3.0 (SwiftShader Device (LLVM 10.0.0) (0x0000C0DE)), SwiftShader driver-5.0.0), GL_VERSION = 5.0.0, Sandboxed = yes, Optimus = no, AMD switchable = no, Reset notification strategy = 0x8252, ErrorMessage = BindToCurrentSequence failed: .
[2026-04-15T03:14:07.913Z] [error] THREE.WebGLRenderer: Error creating WebGL context.
[2026-04-15T03:14:07.913Z] [error] Force graph initialization failed: Error: Error creating WebGL context.
    at new WebGLRenderer (http://localhost:5173/node_modules/.vite/deps/three.module-CIOKmQz3.js?v=870c44b2:49797:16)
    at comp.init (http://localhost:5173/node_modules/.vite/deps/3d-force-graph.js?v=4e9d4eb8:59483:20)
    at initStatic (http://localhost:5173/node_modules/.vite/deps/3d-force-graph.js?v=4e9d4eb8:3849:11)
    at Object.comp [as renderObjs] (http://localhost:5173/node_modules/.vite/deps/3d-force-graph.js?v=4e9d4eb8:3844:4)
    at comp.init (http://localhost:5173/node_modules/.vite/deps/3d-force-graph.js?v=4e9d4eb8:59923:9)
    at initStatic (http://localhost:5173/node_modules/.vite/deps/3d-force-graph.js?v=4e9d4eb8:3849:11)
    at comp (http://localhost:5173/node_modules/.vite/deps/3d-force-graph.js?v=4e9d4eb8:3844:4)
    at new KapsuleComp (http://localhost:5173/node_modules/.vite/deps/3d-force-graph.js?v=4e9d4eb8:3892:31)
    at initGraph (http://localhost:5173/src/composables/useForceGraph.ts:650:15)
    at http://localhost:5173/src/composables/useForceGraph.ts:1399:3
[2026-04-15T03:14:07.914Z] [warning] THREE.THREE.Clock: This module has been deprecated. Please use THREE.Timer instead.
[2026-04-15T03:14:07.914Z] [error] THREE.WebGLRenderer: A WebGL context could not be created. Reason:  Could not create a WebGL context, VENDOR = 0xffff, DEVICE = 0xffff, GL_VENDOR = Google Inc. (Google), GL_RENDERER = ANGLE (Google, Vulkan 1.3.0 (SwiftShader Device (LLVM 10.0.0) (0x0000C0DE)), SwiftShader driver-5.0.0), GL_VERSION = 5.0.0, Sandboxed = yes, Optimus = no, AMD switchable = no, Reset notification strategy = 0x8252, ErrorMessage = BindToCurrentSequence failed: .
[2026-04-15T03:14:07.914Z] [error] THREE.WebGLRenderer: A WebGL context could not be created. Reason:  Could not create a WebGL context, VENDOR = 0xffff, DEVICE = 0xffff, GL_VENDOR = Google Inc. (Google), GL_RENDERER = ANGLE (Google, Vulkan 1.3.0 (SwiftShader Device (LLVM 10.0.0) (0x0000C0DE)), SwiftShader driver-5.0.0), GL_VERSION = 5.0.0, Sandboxed = yes, Optimus = no, AMD switchable = no, Reset notification strategy = 0x8252, ErrorMessage = BindToCurrentSequence failed: .
[2026-04-15T03:14:07.914Z] [error] THREE.WebGLRenderer: Error creating WebGL context.
[2026-04-15T03:14:07.915Z] [error] Force graph initialization failed: Error: Error creating WebGL context.
    at new WebGLRenderer (http://localhost:5173/node_modules/.vite/deps/three.module-CIOKmQz3.js?v=870c44b2:49797:16)
    at comp.init (http://localhost:5173/node_modules/.vite/deps/3d-force-graph.js?v=4e9d4eb8:59483:20)
    at initStatic (http://localhost:5173/node_modules/.vite/deps/3d-force-graph.js?v=4e9d4eb8:3849:11)
    at Object.comp [as renderObjs] (http://localhost:5173/node_modules/.vite/deps/3d-force-graph.js?v=4e9d4eb8:3844:4)
    at comp.init (http://localhost:5173/node_modules/.vite/deps/3d-force-graph.js?v=4e9d4eb8:59923:9)
    at initStatic (http://localhost:5173/node_modules/.vite/deps/3d-force-graph.js?v=4e9d4eb8:3849:11)
    at comp (http://localhost:5173/node_modules/.vite/deps/3d-force-graph.js?v=4e9d4eb8:3844:4)
    at new KapsuleComp (http://localhost:5173/node_modules/.vite/deps/3d-force-graph.js?v=4e9d4eb8:3892:31)
    at initGraph (http://localhost:5173/src/composables/useForceGraph.ts:650:15)
    at http://localhost:5173/src/composables/useForceGraph.ts:1403:3
