[2026-04-15T03:14:07.532Z] GET http://localhost:5173/sim/a60f3330-1140-428f-b775-3a2937a9c206 → 200 (3ms, 783B)
[2026-04-15T03:14:07.536Z] GET http://localhost:5173/@vite/client → 200 (5ms, 204776B)
[2026-04-15T03:14:07.536Z] GET https://fonts.googleapis.com/css2?family=Space+Grotesk:wght@400;500;600;700&family=JetBrains+Mono:wght@400;500;600&family=Noto+Sans+JP:wght@400;500;600;700&display=swap → 200 (131ms, 471527B)
[2026-04-15T03:14:07.536Z] GET http://localhost:5173/src/main.ts → 200 (4ms, 1041B)
[2026-04-15T03:14:07.541Z] GET http://localhost:5173/node_modules/.vite/deps/vue.js?v=aa031bde → 200 (1ms, 25891B)
[2026-04-15T03:14:07.541Z] GET http://localhost:5173/node_modules/.vite/deps/pinia.js?v=330b2779 → 200 (6ms, 147272B)
[2026-04-15T03:14:07.541Z] GET http://localhost:5173/src/App.vue → 200 (5ms, 10101B)
[2026-04-15T03:14:07.541Z] GET http://localhost:5173/src/router.ts → 200 (6ms, 5082B)
[2026-04-15T03:14:07.541Z] GET http://localhost:5173/src/style.css → 200 (7ms, 6902B)
[2026-04-15T03:14:07.541Z] GET http://localhost:5173/node_modules/.pnpm/vite@8.0.0_@types+node@24.12.0_yaml@2.8.2/node_modules/vite/dist/client/env.mjs → 200 (7ms, 3895B)
[2026-04-15T03:14:07.543Z] GET http://localhost:5173/node_modules/.vite/deps/vue.runtime.esm-bundler-Bct4wx5H.js?v=870c44b2 → 200 (5ms, 320792B)
[2026-04-15T03:14:07.546Z] GET http://localhost:5173/src/App.vue?vue&type=style&index=0&scoped=7a7a37b1&lang.css → 200 (1ms, 3208B)
[2026-04-15T03:14:07.546Z] GET http://localhost:5173/@id/__x00__plugin-vue:export-helper → 200 (1ms, 1074B)
[2026-04-15T03:14:07.547Z] GET http://localhost:5173/node_modules/.vite/deps/dist-G9VId0U8.js?v=870c44b2 → 200 (1ms, 5429B)
[2026-04-15T03:14:07.547Z] GET http://localhost:5173/node_modules/.vite/deps/vue-router.js?v=f62e2099 → 200 (2ms, 205645B)
[2026-04-15T03:14:07.743Z] GET http://localhost:5173/src/pages/SimulationPage.vue → 200 (13ms, 168838B)
[2026-04-15T03:14:07.743Z] GET https://fonts.gstatic.com/s/spacegrotesk/v22/V8mDoQDjQSkFtoMM3T6r8E7mPbF4C_k3HqU.woff2 → pending (?ms, ?B)
[2026-04-15T03:14:07.743Z] GET https://fonts.gstatic.com/s/jetbrainsmono/v24/tDbv2o-flEEny0FZhsfKu5WU4zr3E_BX0PnT8RD8yKwBNntkaToggR7BYRbKPxDcwgknk-4.woff2 → pending (?ms, ?B)
[2026-04-15T03:14:07.754Z] GET https://fonts.gstatic.com/s/notosansjp/v56/-F62fjtqLzI2JPCgQBnw7HFowwII2lcnk-AFfrgQrvWXpdFg3KXxAMsKMbdN.117.woff2 → pending (?ms, ?B)
[2026-04-15T03:14:07.754Z] GET https://fonts.gstatic.com/s/notosansjp/v56/-F62fjtqLzI2JPCgQBnw7HFowwII2lcnk-AFfrgQrvWXpdFg3KXxAMsKMbdN.114.woff2 → pending (?ms, ?B)
[2026-04-15T03:14:07.755Z] GET https://fonts.gstatic.com/s/notosansjp/v56/-F62fjtqLzI2JPCgQBnw7HFowwII2lcnk-AFfrgQrvWXpdFg3KXxAMsKMbdN.95.woff2 → pending (?ms, ?B)
[2026-04-15T03:14:07.755Z] GET https://fonts.gstatic.com/s/notosansjp/v56/-F62fjtqLzI2JPCgQBnw7HFowwII2lcnk-AFfrgQrvWXpdFg3KXxAMsKMbdN.110.woff2 → pending (?ms, ?B)
[2026-04-15T03:14:07.755Z] GET https://fonts.gstatic.com/s/notosansjp/v56/-F62fjtqLzI2JPCgQBnw7HFowwII2lcnk-AFfrgQrvWXpdFg3KXxAMsKMbdN.108.woff2 → pending (?ms, ?B)
[2026-04-15T03:14:07.755Z] GET https://fonts.gstatic.com/s/notosansjp/v56/-F62fjtqLzI2JPCgQBnw7HFowwII2lcnk-AFfrgQrvWXpdFg3KXxAMsKMbdN.102.woff2 → pending (?ms, ?B)
[2026-04-15T03:14:07.755Z] GET https://fonts.gstatic.com/s/notosansjp/v56/-F62fjtqLzI2JPCgQBnw7HFowwII2lcnk-AFfrgQrvWXpdFg3KXxAMsKMbdN.116.woff2 → pending (?ms, ?B)
[2026-04-15T03:14:07.755Z] GET https://fonts.gstatic.com/s/notosansjp/v56/-F62fjtqLzI2JPCgQBnw7HFowwII2lcnk-AFfrgQrvWXpdFg3KXxAMsKMbdN.107.woff2 → pending (?ms, ?B)
[2026-04-15T03:14:07.756Z] GET https://fonts.gstatic.com/s/notosansjp/v56/-F62fjtqLzI2JPCgQBnw7HFowwII2lcnk-AFfrgQrvWXpdFg3KXxAMsKMbdN.103.woff2 → pending (?ms, ?B)
[2026-04-15T03:14:07.756Z] GET http://localhost:5173/src/api/client.ts → 200 (7ms, 40678B)
[2026-04-15T03:14:07.756Z] GET http://localhost:5173/src/stores/simulationStore.ts → 200 (8ms, 42819B)
[2026-04-15T03:14:07.759Z] GET http://localhost:5173/src/composables/useSimulationSSE.ts → 200 (6ms, 94343B)
[2026-04-15T03:14:07.759Z] GET http://localhost:5173/src/stores/graphStore.ts → 200 (6ms, 9444B)
[2026-04-15T03:14:07.759Z] GET http://localhost:5173/src/stores/activityStore.ts → 200 (6ms, 4356B)
[2026-04-15T03:14:07.759Z] GET http://localhost:5173/src/composables/useForceGraph.ts → 200 (10ms, 173307B)
[2026-04-15T03:14:07.759Z] GET http://localhost:5173/src/components/SimulationProgress.vue → 200 (11ms, 24393B)
[2026-04-15T03:14:07.759Z] GET http://localhost:5173/src/components/ColonyGrid.vue → 200 (9ms, 19684B)
[2026-04-15T03:14:07.760Z] GET http://localhost:5173/src/components/ActivityFeed.vue → 200 (10ms, 32783B)
[2026-04-15T03:14:07.760Z] GET http://localhost:5173/src/components/SocietyProgress.vue → 200 (10ms, 12167B)
[2026-04-15T03:14:07.760Z] GET http://localhost:5173/src/components/OpinionDistribution.vue → 200 (10ms, 8817B)
[2026-04-15T03:14:07.760Z] GET http://localhost:5173/src/components/LiveSocietyGraph.vue → 200 (13ms, 64488B)
[2026-04-15T03:14:07.760Z] GET http://localhost:5173/src/stores/societyGraphStore.ts → 200 (12ms, 51935B)
[2026-04-15T03:14:07.760Z] GET http://localhost:5173/src/stores/cognitiveStore.ts → 200 (12ms, 10305B)
[2026-04-15T03:14:07.760Z] GET http://localhost:5173/src/stores/agentVisualizationStore.ts → 200 (12ms, 16017B)
[2026-04-15T03:14:07.760Z] GET http://localhost:5173/src/composables/useAgentStatusRing.ts → 200 (12ms, 9399B)
[2026-04-15T03:14:07.760Z] GET http://localhost:5173/src/composables/useCommunicationPulse.ts → 200 (15ms, 21380B)
[2026-04-15T03:14:07.760Z] GET http://localhost:5173/src/components/ThinkingPanel.vue → 200 (14ms, 45968B)
[2026-04-15T03:14:07.760Z] GET http://localhost:5173/src/components/AgentActivityTicker.vue → 200 (15ms, 16040B)
[2026-04-15T03:14:07.760Z] GET http://localhost:5173/src/components/DigitalWorkspaceBackground.vue → 200 (15ms, 12841B)
[2026-04-15T03:14:07.761Z] GET http://localhost:5173/src/components/DebateCards.vue → 200 (14ms, 23201B)
[2026-04-15T03:14:07.761Z] GET http://localhost:5173/src/components/ForceGraph2D.vue → 200 (15ms, 18704B)
[2026-04-15T03:14:07.761Z] GET http://localhost:5173/src/components/AgentStoryDrawer.vue → 200 (14ms, 49670B)
[2026-04-15T03:14:07.761Z] GET http://localhost:5173/src/components/ConversationsTab.vue → 200 (15ms, 42034B)
[2026-04-15T03:14:07.761Z] GET http://localhost:5173/src/stores/theaterStore.ts → 200 (19ms, 7250B)
[2026-04-15T03:14:07.761Z] GET http://localhost:5173/src/composables/useWebGLDetect.ts → 200 (20ms, 756B)
[2026-04-15T03:14:07.762Z] GET http://localhost:5173/src/pages/layoutRules.ts → 200 (20ms, 9569B)
[2026-04-15T03:14:07.762Z] GET http://localhost:5173/src/pages/SimulationPage.vue?vue&type=style&index=0&scoped=616d4c1c&lang.css → 200 (14ms, 18655B)
[2026-04-15T03:14:07.763Z] GET http://localhost:5173/node_modules/.vite/deps/axios.js?v=d217d086 → 200 (25ms, 97054B)
[2026-04-15T03:14:07.765Z] GET http://localhost:5173/src/stores/societyStore.ts → 200 (17ms, 21225B)
[2026-04-15T03:14:07.765Z] GET http://localhost:5173/src/stores/kgEvolutionStore.ts → 200 (18ms, 22617B)
[2026-04-15T03:14:07.765Z] GET http://localhost:5173/src/composables/useCognitiveSSE.ts → 200 (18ms, 18375B)
[2026-04-15T03:14:07.765Z] GET http://localhost:5173/src/composables/useTheaterSSE.ts → 200 (20ms, 10909B)
[2026-04-15T03:14:07.770Z] GET http://localhost:5173/src/components/ColonyGrid.vue?vue&type=style&index=0&scoped=18044e3e&lang.css → 200 (21ms, 3791B)
[2026-04-15T03:14:07.770Z] GET http://localhost:5173/node_modules/.vite/deps/3d-force-graph.js?v=4e9d4eb8 → 200 (31ms, 2025835B)
[2026-04-15T03:14:07.770Z] GET http://localhost:5173/node_modules/.vite/deps/three.js?v=87854ee1 → 200 (20ms, 71864B)
[2026-04-15T03:14:07.770Z] GET http://localhost:5173/node_modules/.vite/deps/three_addons_postprocessing_UnrealBloomPass__js.js?v=e3cb9bbc → 200 (20ms, 15241B)
[2026-04-15T03:14:07.770Z] GET http://localhost:5173/src/composables/forceGraphMotion.ts → 200 (21ms, 16936B)
[2026-04-15T03:14:07.771Z] GET http://localhost:5173/src/composables/useThinkingParticles.ts → 200 (21ms, 14233B)
[2026-04-15T03:14:07.771Z] GET http://localhost:5173/src/components/ActivityFeed.vue?vue&type=style&index=0&scoped=a7dfaa96&lang.css → 200 (20ms, 6835B)
[2026-04-15T03:14:07.771Z] GET http://localhost:5173/src/components/SocietyProgress.vue?vue&type=style&index=0&scoped=f2f88bc9&lang.css → 200 (20ms, 2459B)
[2026-04-15T03:14:07.771Z] GET http://localhost:5173/src/components/OpinionDistribution.vue?vue&type=style&index=0&scoped=30998304&lang.css → 200 (21ms, 1493B)
[2026-04-15T03:14:07.771Z] GET http://localhost:5173/src/components/SimulationProgress.vue?vue&type=style&index=0&scoped=67c47f3a&lang.css → 200 (22ms, 4324B)
[2026-04-15T03:14:07.773Z] GET http://localhost:5173/src/composables/useLiveSocietyGraph.ts → 200 (21ms, 42167B)
[2026-04-15T03:14:07.773Z] GET http://localhost:5173/src/components/ConversationToast.vue → 200 (19ms, 12966B)
[2026-04-15T03:14:07.773Z] GET http://localhost:5173/src/components/NodeDetailPanel.vue → 200 (20ms, 34101B)
[2026-04-15T03:14:07.773Z] GET http://localhost:5173/src/components/TemporalSlider.vue → 200 (20ms, 9220B)
[2026-04-15T03:14:07.773Z] GET http://localhost:5173/src/components/LiveSocietyGraph.vue?vue&type=style&index=0&scoped=3d6a1ce4&lang.css → 200 (26ms, 9368B)
[2026-04-15T03:14:07.775Z] GET http://localhost:5173/src/components/ThinkingPanel.vue?vue&type=style&index=0&scoped=0da6012f&lang.css → 200 (21ms, 7179B)
[2026-04-15T03:14:07.775Z] GET http://localhost:5173/src/components/AgentActivityTicker.vue?vue&type=style&index=0&scoped=d0eba3cd&lang.css → 200 (22ms, 4669B)
[2026-04-15T03:14:07.775Z] GET http://localhost:5173/src/components/DigitalWorkspaceBackground.vue?vue&type=style&index=0&scoped=de1ff752&lang.css → 200 (22ms, 2641B)
[2026-04-15T03:14:07.775Z] GET http://localhost:5173/src/components/DebateCards.vue?vue&type=style&index=0&scoped=ffd55753&lang.css → 200 (22ms, 3035B)
[2026-04-15T03:14:07.776Z] GET http://localhost:5173/src/composables/useAgentStory.ts → 200 (23ms, 8213B)
[2026-04-15T03:14:07.776Z] GET http://localhost:5173/src/components/AgentStoryDrawer.vue?vue&type=style&index=0&scoped=22798e39&lang.css → 200 (24ms, 9673B)
[2026-04-15T03:14:07.776Z] GET http://localhost:5173/src/components/ForceGraph2D.vue?vue&type=style&index=0&scoped=7a0bfe01&lang.css → 200 (24ms, 1008B)
[2026-04-15T03:14:07.780Z] GET http://localhost:5173/src/components/ConversationsTab.vue?vue&type=style&index=0&scoped=a67a3c83&lang.css → 200 (20ms, 4692B)
[2026-04-15T03:14:07.783Z] GET http://localhost:5173/src/stores/evaluationStore.ts → 200 (17ms, 5990B)
[2026-04-15T03:14:07.789Z] GET http://localhost:5173/node_modules/.vite/deps/chunk-BoAXSpZd.js?v=870c44b2 → 200 (12ms, 7521B)
[2026-04-15T03:14:07.790Z] GET http://localhost:5173/node_modules/.vite/deps/three.module-CIOKmQz3.js?v=870c44b2 → 200 (41ms, ?B)
[2026-04-15T03:14:07.790Z] GET http://localhost:5173/node_modules/.vite/deps/Pass-PUfE6tRw.js?v=870c44b2 → 200 (13ms, 4952B)
[2026-04-15T03:14:07.792Z] GET http://localhost:5173/src/components/ConversationToast.vue?vue&type=style&index=0&scoped=27778cd6&lang.css → 200 (10ms, 2557B)
[2026-04-15T03:14:07.793Z] GET http://localhost:5173/src/components/NodeDetailPanel.vue?vue&type=style&index=0&scoped=ec1427fb&lang.css → 200 (9ms, 5935B)
[2026-04-15T03:14:07.793Z] GET http://localhost:5173/src/components/TemporalSlider.vue?vue&type=style&index=0&scoped=6daa5d6b&lang.css → 200 (9ms, 2254B)
[2026-04-15T03:14:07.794Z] GET http://localhost:5173/src/composables/useConversationLines.ts → 200 (9ms, 39354B)
[2026-04-15T03:14:07.858Z] GET http://localhost:5173/api/simulations/a60f3330-1140-428f-b775-3a2937a9c206 → 200 (53ms, 705B)
[2026-04-15T03:14:07.866Z] GET https://fonts.gstatic.com/s/notosansjp/v56/-F62fjtqLzI2JPCgQBnw7HFowwII2lcnk-AFfrgQrvWXpdFg3KXxAMsKMbdN.112.woff2 → 200 (49ms, 15828B)
[2026-04-15T03:14:07.866Z] GET https://fonts.gstatic.com/s/notosansjp/v56/-F62fjtqLzI2JPCgQBnw7HFowwII2lcnk-AFfrgQrvWXpdFg3KXxAMsKMbdN.101.woff2 → 200 (49ms, 15732B)
[2026-04-15T03:14:07.866Z] GET https://fonts.gstatic.com/s/notosansjp/v56/-F62fjtqLzI2JPCgQBnw7HFowwII2lcnk-AFfrgQrvWXpdFg3KXxAMsKMbdN.100.woff2 → 200 (49ms, 20132B)
[2026-04-15T03:14:07.866Z] GET https://fonts.gstatic.com/s/notosansjp/v56/-F62fjtqLzI2JPCgQBnw7HFowwII2lcnk-AFfrgQrvWXpdFg3KXxAMsKMbdN.99.woff2 → 200 (50ms, 19272B)
[2026-04-15T03:14:07.866Z] GET https://fonts.gstatic.com/s/notosansjp/v56/-F62fjtqLzI2JPCgQBnw7HFowwII2lcnk-AFfrgQrvWXpdFg3KXxAMsKMbdN.118.woff2 → 200 (50ms, 18364B)
[2026-04-15T03:14:07.866Z] GET https://fonts.gstatic.com/s/notosansjp/v56/-F62fjtqLzI2JPCgQBnw7HFowwII2lcnk-AFfrgQrvWXpdFg3KXxAMsKMbdN.115.woff2 → 200 (50ms, 16092B)
[2026-04-15T03:14:07.867Z] GET https://fonts.gstatic.com/s/notosansjp/v56/-F62fjtqLzI2JPCgQBnw7HFowwII2lcnk-AFfrgQrvWXpdFg3KXxAMsKMbdN.109.woff2 → 200 (49ms, 15212B)
[2026-04-15T03:14:07.867Z] GET https://fonts.gstatic.com/s/notosansjp/v56/-F62fjtqLzI2JPCgQBnw7HFowwII2lcnk-AFfrgQrvWXpdFg3KXxAMsKMbdN.106.woff2 → 200 (49ms, 19488B)
[2026-04-15T03:14:07.867Z] GET https://fonts.gstatic.com/s/notosansjp/v56/-F62fjtqLzI2JPCgQBnw7HFowwII2lcnk-AFfrgQrvWXpdFg3KXxAMsKMbdN.113.woff2 → 200 (49ms, 14832B)
[2026-04-15T03:14:07.867Z] GET https://fonts.gstatic.com/s/notosansjp/v56/-F62fjtqLzI2JPCgQBnw7HFowwII2lcnk-AFfrgQrvWXpdFg3KXxAMsKMbdN.111.woff2 → 200 (50ms, 17008B)
[2026-04-15T03:14:07.867Z] GET https://fonts.gstatic.com/s/notosansjp/v56/-F62fjtqLzI2JPCgQBnw7HFowwII2lcnk-AFfrgQrvWXpdFg3KXxAMsKMbdN.105.woff2 → 200 (50ms, 17568B)
[2026-04-15T03:14:07.867Z] GET https://fonts.gstatic.com/s/notosansjp/v56/-F62fjtqLzI2JPCgQBnw7HFowwII2lcnk-AFfrgQrvWXpdFg3KXxAMsKMbdN.119.woff2 → 200 (50ms, 79028B)
[2026-04-15T03:14:07.867Z] GET https://fonts.gstatic.com/s/notosansjp/v56/-F62fjtqLzI2JPCgQBnw7HFowwII2lcnk-AFfrgQrvWXpdFg3KXxAMsKMbdN.68.woff2 → 200 (50ms, 21856B)
[2026-04-15T03:14:07.911Z] GET http://localhost:5173/api/simulations/a60f3330-1140-428f-b775-3a2937a9c206/graph → 200 (15ms, 33B)
[2026-04-15T03:14:07.911Z] GET https://fonts.gstatic.com/s/notosansjp/v56/-F62fjtqLzI2JPCgQBnw7HFowwII2lcnk-AFfrgQrvWXpdFg3KXxAMsKMbdN.93.woff2 → 200 (25ms, 17092B)
[2026-04-15T03:14:07.911Z] GET https://fonts.gstatic.com/s/notosansjp/v56/-F62fjtqLzI2JPCgQBnw7HFowwII2lcnk-AFfrgQrvWXpdFg3KXxAMsKMbdN.57.woff2 → 200 (26ms, 10744B)
[2026-04-15T03:14:07.911Z] GET https://fonts.gstatic.com/s/notosansjp/v56/-F62fjtqLzI2JPCgQBnw7HFowwII2lcnk-AFfrgQrvWXpdFg3KXxAMsKMbdN.60.woff2 → 200 (29ms, 23504B)
[2026-04-15T03:14:07.911Z] GET https://fonts.gstatic.com/s/notosansjp/v56/-F62fjtqLzI2JPCgQBnw7HFowwII2lcnk-AFfrgQrvWXpdFg3KXxAMsKMbdN.92.woff2 → 200 (27ms, 18876B)
[2026-04-15T03:14:07.929Z] GET http://localhost:5173/api/simulations/a60f3330-1140-428f-b775-3a2937a9c206/stream → pending (?ms, ?B)
